C:\Program Files\Microsoft Visual Studio\2022\Community\MSBuild\Microsoft\VC\v170\Microsoft.CppBuild.targets(531,5): warning MSB8028: The intermediate directory (Debug\) contains files shared from another project (bgi.vcxproj).  This can lead to incorrect clean and rebuild behavior.
  bgiout.cxx
  dibutil.cxx
  drawing.cxx
D:\20\drawing.cxx(819,9): warning C4101: 'tries': unreferenced local variable
D:\20\drawing.cxx(859,10): warning C4101: 'answer': unreferenced local variable
D:\20\drawing.cxx(1110,6): warning C4996: 'strcat': This function or variable may be unsafe. Consider using strcat_s instead. To disable deprecation, use _CRT_SECURE_NO_WARNINGS. See online help for details.
  draw_functions.cpp
D:\20\draw_functions.cpp(5,20): warning C4244: 'argument': conversion from 'double' to 'int', possible loss of data
D:\20\draw_functions.cpp(5,15): warning C4244: 'argument': conversion from 'double' to 'int', possible loss of data
D:\20\draw_functions.cpp(5,10): warning C4244: 'argument': conversion from 'double' to 'int', possible loss of data
D:\20\draw_functions.cpp(6,26): warning C4244: 'argument': conversion from 'double' to 'int', possible loss of data
D:\20\draw_functions.cpp(6,18): warning C4244: 'argument': conversion from 'double' to 'int', possible loss of data
D:\20\draw_functions.cpp(8,18): warning C4244: 'argument': conversion from 'double' to 'int', possible loss of data
D:\20\draw_functions.cpp(8,13): warning C4244: 'argument': conversion from 'double' to 'int', possible loss of data
D:\20\draw_functions.cpp(8,7): warning C4244: 'argument': conversion from 'double' to 'int', possible loss of data
D:\20\draw_functions.cpp(9,14): warning C4244: 'argument': conversion from 'double' to 'int', possible loss of data
D:\20\draw_functions.cpp(11,22): warning C4244: 'argument': conversion from 'double' to 'int', possible loss of data
D:\20\draw_functions.cpp(11,14): warning C4244: 'argument': conversion from 'double' to 'int', possible loss of data
D:\20\draw_functions.cpp(15,13): warning C4244: 'argument': conversion from 'double' to 'int', possible loss of data
D:\20\draw_functions.cpp(15,10): warning C4244: 'argument': conversion from 'double' to 'int', possible loss of data
D:\20\draw_functions.cpp(19,13): warning C4244: 'argument': conversion from 'double' to 'int', possible loss of data
D:\20\draw_functions.cpp(19,10): warning C4244: 'argument': conversion from 'double' to 'int', possible loss of data
D:\20\draw_functions.cpp(24,13): warning C4244: 'argument': conversion from 'double' to 'int', possible loss of data
D:\20\draw_functions.cpp(24,10): warning C4244: 'argument': conversion from 'double' to 'int', possible loss of data
D:\20\draw_functions.cpp(28,13): warning C4244: 'argument': conversion from 'double' to 'int', possible loss of data
D:\20\draw_functions.cpp(28,10): warning C4244: 'argument': conversion from 'double' to 'int', possible loss of data
D:\20\draw_functions.cpp(31,34): warning C4244: 'argument': conversion from 'double' to 'int', possible loss of data
D:\20\draw_functions.cpp(31,29): warning C4244: 'argument': conversion from 'double' to 'int', possible loss of data
D:\20\draw_functions.cpp(31,21): warning C4244: 'argument': conversion from 'double' to 'int', possible loss of data
D:\20\draw_functions.cpp(31,13): warning C4244: 'argument': conversion from 'double' to 'int', possible loss of data
D:\20\draw_functions.cpp(32,34): warning C4244: 'argument': conversion from 'double' to 'int', possible loss of data
D:\20\draw_functions.cpp(32,29): warning C4244: 'argument': conversion from 'double' to 'int', possible loss of data
D:\20\draw_functions.cpp(32,21): warning C4244: 'argument': conversion from 'double' to 'int', possible loss of data
D:\20\draw_functions.cpp(32,13): warning C4244: 'argument': conversion from 'double' to 'int', possible loss of data
D:\20\draw_functions.cpp(34,19): warning C4244: 'argument': conversion from 'double' to 'int', possible loss of data
D:\20\draw_functions.cpp(34,9): warning C4244: 'argument': conversion from 'double' to 'int', possible loss of data
D:\20\draw_functions.cpp(35,19): warning C4244: 'argument': conversion from 'double' to 'int', possible loss of data
D:\20\draw_functions.cpp(35,9): warning C4244: 'argument': conversion from 'double' to 'int', possible loss of data
D:\20\draw_functions.cpp(48,16): warning C4244: 'argument': conversion from 'double' to 'int', possible loss of data
D:\20\draw_functions.cpp(48,12): warning C4244: 'argument': conversion from 'double' to 'int', possible loss of data
D:\20\draw_functions.cpp(61,18): warning C4244: 'argument': conversion from 'double' to 'int', possible loss of data
D:\20\draw_functions.cpp(63,35): warning C4244: 'argument': conversion from 'double' to 'int', possible loss of data
D:\20\draw_functions.cpp(63,18): warning C4244: 'argument': conversion from 'double' to 'int', possible loss of data
D:\20\draw_functions.cpp(64,18): warning C4244: 'argument': conversion from 'double' to 'int', possible loss of data
D:\20\draw_functions.cpp(66,34): warning C4244: 'argument': conversion from 'double' to 'int', possible loss of data
D:\20\draw_functions.cpp(66,18): warning C4244: 'argument': conversion from 'double' to 'int', possible loss of data
D:\20\draw_functions.cpp(67,18): warning C4244: 'argument': conversion from 'double' to 'int', possible loss of data
D:\20\draw_functions.cpp(84,21): warning C4244: 'argument': conversion from 'double' to 'int', possible loss of data
D:\20\draw_functions.cpp(85,38): warning C4244: 'argument': conversion from 'double' to 'int', possible loss of data
D:\20\draw_functions.cpp(85,21): warning C4244: 'argument': conversion from 'double' to 'int', possible loss of data
D:\20\draw_functions.cpp(86,21): warning C4244: 'argument': conversion from 'double' to 'int', possible loss of data
D:\20\draw_functions.cpp(87,37): warning C4244: 'argument': conversion from 'double' to 'int', possible loss of data
D:\20\draw_functions.cpp(87,21): warning C4244: 'argument': conversion from 'double' to 'int', possible loss of data
D:\20\draw_functions.cpp(88,21): warning C4244: 'argument': conversion from 'double' to 'int', possible loss of data
D:\20\draw_functions.cpp(98,21): warning C4244: 'argument': conversion from 'double' to 'int', possible loss of data
D:\20\draw_functions.cpp(99,38): warning C4244: 'argument': conversion from 'double' to 'int', possible loss of data
D:\20\draw_functions.cpp(99,21): warning C4244: 'argument': conversion from 'double' to 'int', possible loss of data
D:\20\draw_functions.cpp(100,21): warning C4244: 'argument': conversion from 'double' to 'int', possible loss of data
D:\20\draw_functions.cpp(101,37): warning C4244: 'argument': conversion from 'double' to 'int', possible loss of data
D:\20\draw_functions.cpp(101,21): warning C4244: 'argument': conversion from 'double' to 'int', possible loss of data
D:\20\draw_functions.cpp(102,21): warning C4244: 'argument': conversion from 'double' to 'int', possible loss of data
D:\20\draw_functions.cpp(69,8): warning C4101: 'cursorPos': unreferenced local variable
  file.cxx
  main.cpp
D:\20\main.cpp(19,12): warning C4244: 'initializing': conversion from 'double' to 'int', possible loss of data
D:\20\main.cpp(19,48): warning C4244: 'initializing': conversion from 'double' to 'int', possible loss of data
  math_functions.cpp
  misc.cxx
D:\20\misc.cxx(595,39): warning C4838: conversion from 'int' to 'unsigned short' requires a narrowing conversion
D:\20\misc.cxx(595,46): warning C4838: conversion from 'int' to 'unsigned short' requires a narrowing conversion
D:\20\misc.cxx(595,53): warning C4838: conversion from 'int' to 'unsigned short' requires a narrowing conversion
D:\20\misc.cxx(595,60): warning C4838: conversion from 'int' to 'unsigned short' requires a narrowing conversion
D:\20\misc.cxx(595,67): warning C4838: conversion from 'int' to 'unsigned short' requires a narrowing conversion
D:\20\misc.cxx(595,74): warning C4838: conversion from 'int' to 'unsigned short' requires a narrowing conversion
D:\20\misc.cxx(595,81): warning C4838: conversion from 'int' to 'unsigned short' requires a narrowing conversion
D:\20\misc.cxx(595,88): warning C4838: conversion from 'int' to 'unsigned short' requires a narrowing conversion
D:\20\misc.cxx(596,39): warning C4838: conversion from 'int' to 'unsigned short' requires a narrowing conversion
D:\20\misc.cxx(596,46): warning C4838: conversion from 'int' to 'unsigned short' requires a narrowing conversion
D:\20\misc.cxx(596,53): warning C4838: conversion from 'int' to 'unsigned short' requires a narrowing conversion
D:\20\misc.cxx(596,60): warning C4838: conversion from 'int' to 'unsigned short' requires a narrowing conversion
D:\20\misc.cxx(596,67): warning C4838: conversion from 'int' to 'unsigned short' requires a narrowing conversion
D:\20\misc.cxx(596,74): warning C4838: conversion from 'int' to 'unsigned short' requires a narrowing conversion
D:\20\misc.cxx(596,81): warning C4838: conversion from 'int' to 'unsigned short' requires a narrowing conversion
D:\20\misc.cxx(596,88): warning C4838: conversion from 'int' to 'unsigned short' requires a narrowing conversion
D:\20\misc.cxx(597,39): warning C4838: conversion from 'int' to 'unsigned short' requires a narrowing conversion
D:\20\misc.cxx(597,46): warning C4838: conversion from 'int' to 'unsigned short' requires a narrowing conversion
D:\20\misc.cxx(597,53): warning C4838: conversion from 'int' to 'unsigned short' requires a narrowing conversion
D:\20\misc.cxx(597,60): warning C4838: conversion from 'int' to 'unsigned short' requires a narrowing conversion
D:\20\misc.cxx(597,67): warning C4838: conversion from 'int' to 'unsigned short' requires a narrowing conversion
D:\20\misc.cxx(597,74): warning C4838: conversion from 'int' to 'unsigned short' requires a narrowing conversion
D:\20\misc.cxx(597,81): warning C4838: conversion from 'int' to 'unsigned short' requires a narrowing conversion
D:\20\misc.cxx(597,88): warning C4838: conversion from 'int' to 'unsigned short' requires a narrowing conversion
D:\20\misc.cxx(598,39): warning C4838: conversion from 'int' to 'unsigned short' requires a narrowing conversion
D:\20\misc.cxx(598,46): warning C4838: conversion from 'int' to 'unsigned short' requires a narrowing conversion
D:\20\misc.cxx(598,53): warning C4838: conversion from 'int' to 'unsigned short' requires a narrowing conversion
D:\20\misc.cxx(598,60): warning C4838: conversion from 'int' to 'unsigned short' requires a narrowing conversion
D:\20\misc.cxx(598,67): warning C4838: conversion from 'int' to 'unsigned short' requires a narrowing conversion
D:\20\misc.cxx(598,74): warning C4838: conversion from 'int' to 'unsigned short' requires a narrowing conversion
D:\20\misc.cxx(598,81): warning C4838: conversion from 'int' to 'unsigned short' requires a narrowing conversion
D:\20\misc.cxx(598,88): warning C4838: conversion from 'int' to 'unsigned short' requires a narrowing conversion
D:\20\misc.cxx(599,39): warning C4838: conversion from 'int' to 'unsigned short' requires a narrowing conversion
D:\20\misc.cxx(599,46): warning C4838: conversion from 'int' to 'unsigned short' requires a narrowing conversion
D:\20\misc.cxx(599,53): warning C4838: conversion from 'int' to 'unsigned short' requires a narrowing conversion
D:\20\misc.cxx(599,60): warning C4838: conversion from 'int' to 'unsigned short' requires a narrowing conversion
D:\20\misc.cxx(599,67): warning C4838: conversion from 'int' to 'unsigned short' requires a narrowing conversion
D:\20\misc.cxx(599,74): warning C4838: conversion from 'int' to 'unsigned short' requires a narrowing conversion
D:\20\misc.cxx(599,81): warning C4838: conversion from 'int' to 'unsigned short' requires a narrowing conversion
D:\20\misc.cxx(599,88): warning C4838: conversion from 'int' to 'unsigned short' requires a narrowing conversion
  mouse.cxx
  palette.cxx
  main.cxx
D:\20\main.cxx(189,33): warning C4244: 'argument': conversion from 'double' to 'int', possible loss of data
D:\20\main.cxx(189,9): warning C4244: 'argument': conversion from 'double' to 'int', possible loss of data
D:\20\main.cxx(192,33): warning C4244: 'argument': conversion from 'double' to 'int', possible loss of data
D:\20\main.cxx(192,9): warning C4244: 'argument': conversion from 'double' to 'int', possible loss of data
D:\20\main.cxx(195,42): warning C4244: 'argument': conversion from 'double' to 'int', possible loss of data
D:\20\main.cxx(194,56): warning C4244: 'argument': conversion from 'double' to 'int', possible loss of data
D:\20\main.cxx(194,38): warning C4244: 'argument': conversion from 'double' to 'int', possible loss of data
D:\20\main.cxx(194,20): warning C4244: 'argument': conversion from 'double' to 'int', possible loss of data
D:\20\main.cxx(333,23): warning C4805: '==': unsafe mix of type 'int' and type 'bool' in operation
D:\20\main.cxx(367,21): warning C4244: '=': conversion from 'double' to 'int', possible loss of data
D:\20\main.cxx(388,17): warning C4244: '=': conversion from 'double' to 'float', possible loss of data
D:\20\main.cxx(397,21): warning C4244: '=': conversion from 'float' to 'int', possible loss of data
  text.cxx
D:\20\text.cxx(348,19): warning C4018: '<': signed/unsigned mismatch
  winbgi.cxx
D:\20\winbgi.cxx(134,14): warning C4101: 'actual_color': unreferenced local variable
D:\20\winbgi.cxx(133,9): warning C4101: 'bgi_color': unreferenced local variable
D:\20\winbgi.cxx(494,5): warning C4996: 'sprintf': This function or variable may be unsafe. Consider using sprintf_s instead. To disable deprecation, use _CRT_SECURE_NO_WARNINGS. See online help for details.
  winthread.cxx
D:\20\winthread.cxx(320,9): warning C4101: 'i': unreferenced local variable
  Generating Code...
Debug\main.obj : warning LNK4042: object specified more than once; extras ignored
  bgi.vcxproj -> D:\20\Debug\20.exe
